2021-05-12 11:20:03,288 - database - ERROR: ('(pymysql.err.OperationalError) (2003, "Can\'t connect to MySQL server on \'192.168.31.86\' ([Errno 111] Connection refused)")',)
2021-05-12 11:20:20,281 - database - ERROR: ('(pymysql.err.OperationalError) (2003, "Can\'t connect to MySQL server on \'192.168.31.86\' ([Errno 111] Connection refused)")',)
2021-05-12 11:21:02,159 - database - ERROR: ('(pymysql.err.OperationalError) (2003, "Can\'t connect to MySQL server on \'192.168.31.86\' ([Errno 111] Connection refused)")',)
2021-05-12 15:21:46,408 - database - INFO: Custom database not exist, created database: heterogeneous_data_db
2021-05-12 15:21:46,526 - database - INFO: Raw database initialize successfully.
2021-05-12 15:21:46,629 - database - INFO: Raw database initialize successfully.
2021-05-12 15:22:33,970 - database - INFO: Custom database initialize successfully.
2021-05-12 15:22:34,043 - database - INFO: Raw database initialize successfully.
2021-05-12 17:45:19,557 - database - INFO: Raw database initialize successfully.
2021-05-12 17:54:56,203 - database - INFO: Raw database initialize successfully.
2021-05-12 17:57:12,814 - database - INFO: Raw database initialize successfully.
2021-05-12 17:59:01,450 - database - INFO: Raw database initialize successfully.
2021-05-12 18:03:30,252 - database - INFO: Raw database initialize successfully.
2021-05-12 18:04:32,403 - database - INFO: Raw database initialize successfully.
2021-05-12 18:05:40,543 - database - INFO: Raw database initialize successfully.
2021-05-12 18:06:42,494 - database - INFO: Raw database initialize successfully.
2021-05-12 18:07:34,663 - database - INFO: Raw database initialize successfully.
2021-05-12 18:07:34,711 - database - INFO: Custom database initialize successfully.
2021-05-12 18:07:57,466 - database - INFO: Raw database initialize successfully.
2021-05-12 18:07:57,513 - database - INFO: Custom database initialize successfully.
2021-05-12 18:08:10,008 - database - INFO: Raw database initialize successfully.
2021-05-12 18:08:10,062 - database - INFO: Custom database initialize successfully.
2021-05-12 18:08:17,939 - database - INFO: Raw database initialize successfully.
2021-05-12 18:08:17,987 - database - INFO: Custom database initialize successfully.
2021-05-12 18:09:15,077 - database - INFO: Raw database initialize successfully.
2021-05-12 18:09:15,121 - database - INFO: Custom database initialize successfully.
2021-05-12 18:10:19,963 - database - INFO: Raw database initialize successfully.
2021-05-12 18:10:20,014 - database - INFO: Custom database initialize successfully.
2021-05-12 18:11:33,753 - database - INFO: Raw database initialize successfully.
2021-05-12 18:11:33,815 - database - INFO: Custom database initialize successfully.
2021-05-12 18:12:07,052 - database - INFO: Raw database initialize successfully.
2021-05-12 18:12:07,106 - database - INFO: Custom database initialize successfully.
2021-05-12 18:13:02,097 - database - INFO: Raw database initialize successfully.
2021-05-12 18:13:02,158 - database - INFO: Custom database initialize successfully.
2021-05-12 18:14:44,614 - database - INFO: Raw database initialize successfully.
2021-05-12 18:14:44,664 - database - INFO: Custom database initialize successfully.
2021-05-12 18:16:02,957 - database - INFO: Raw database initialize successfully.
2021-05-12 18:16:03,021 - database - INFO: Custom database initialize successfully.
2021-05-12 18:16:34,289 - database - INFO: Raw database initialize successfully.
2021-05-12 18:16:34,346 - database - INFO: Custom database initialize successfully.
2021-05-12 18:17:01,888 - database - INFO: Raw database initialize successfully.
2021-05-12 18:17:01,951 - database - INFO: Custom database initialize successfully.
2021-05-12 18:18:18,467 - database - INFO: Raw database initialize successfully.
2021-05-12 18:18:18,528 - database - INFO: Custom database initialize successfully.
2021-05-12 18:18:18,532 - database - INFO: Tcp data handle thread exit!
2021-05-12 18:20:20,664 - database - INFO: Raw database initialize successfully.
2021-05-12 18:20:20,737 - database - INFO: Custom database initialize successfully.
2021-05-12 18:32:52,132 - database - INFO: Raw database initialize successfully.
2021-05-12 18:32:52,209 - database - INFO: Custom database initialize successfully.
2021-05-12 18:33:05,953 - database - ERROR: ("'tcp_packet_item' object is not subscriptable",)
2021-05-12 18:34:16,760 - database - INFO: Raw database initialize successfully.
2021-05-12 18:34:16,832 - database - INFO: Custom database initialize successfully.
2021-05-12 18:34:20,910 - database - ERROR: ("'tcp_packet_item' object is not subscriptable",)
2021-05-12 18:35:23,287 - database - INFO: Raw database initialize successfully.
2021-05-12 18:35:23,354 - database - INFO: Custom database initialize successfully.
2021-05-12 18:35:40,576 - database - INFO: Raw database initialize successfully.
2021-05-12 18:35:40,625 - database - INFO: Custom database initialize successfully.
2021-05-12 18:35:46,420 - database - ERROR: (8000,)
2021-05-12 18:37:43,023 - database - INFO: Raw database initialize successfully.
2021-05-12 18:37:43,088 - database - INFO: Custom database initialize successfully.
2021-05-12 18:39:13,600 - database - INFO: Raw database initialize successfully.
2021-05-12 18:39:13,676 - database - INFO: Custom database initialize successfully.
2021-05-12 18:39:18,602 - database - ERROR: (8000,)
2021-05-12 18:41:19,545 - database - INFO: Raw database initialize successfully.
2021-05-12 18:41:19,626 - database - INFO: Custom database initialize successfully.
2021-05-12 18:42:26,493 - database - INFO: Raw database initialize successfully.
2021-05-12 18:42:26,551 - database - INFO: Custom database initialize successfully.
2021-05-12 18:42:34,920 - database - INFO: Raw database initialize successfully.
2021-05-12 18:42:34,990 - database - INFO: Custom database initialize successfully.
2021-05-12 18:45:12,814 - database - INFO: Raw database initialize successfully.
2021-05-12 18:45:12,870 - database - INFO: Custom database initialize successfully.
2021-05-12 18:48:38,274 - database - INFO: Raw database initialize successfully.
2021-05-12 18:48:38,323 - database - INFO: Custom database initialize successfully.
2021-05-12 18:49:41,845 - database - INFO: Raw database initialize successfully.
2021-05-12 18:49:41,908 - database - INFO: Custom database initialize successfully.
2021-05-12 18:50:07,126 - database - INFO: Raw database initialize successfully.
2021-05-12 18:50:07,167 - database - INFO: Custom database initialize successfully.
2021-05-12 19:29:15,014 - database - INFO: Raw database initialize successfully.
2021-05-12 19:29:15,093 - database - INFO: Custom database initialize successfully.
2021-05-12 19:29:19,378 - database - ERROR: ('not all arguments converted during string formatting',)
2021-05-12 19:30:27,531 - database - INFO: Raw database initialize successfully.
2021-05-12 19:30:27,577 - database - INFO: Custom database initialize successfully.
2021-05-12 19:34:22,308 - database - INFO: Raw database initialize successfully.
2021-05-12 19:34:22,380 - database - INFO: Custom database initialize successfully.
2021-05-12 19:34:26,705 - database - ERROR: ("'custom_database_helper' object has no attribute 'con_raw_db_str'",)
