2021-05-01 23:41:37,759 - mqttclient - INFO: Start mqttclient, [name]: MQTT Client-1, [mqtt host]: www.sworld.top:1883, [client id]: mqttclient-20210501234137
2021-05-01 23:41:37,775 - mqttclient - INFO: MQTT broker connected successfully, [name]: None, [mqtt host]: {'session present': 0}:0, [client id]: <paho.mqtt.client.Client object at 0x0000020EB7909EB0>
2021-05-01 23:41:37,775 - mqttclient - INFO: MQTT broker connected successfully, [name]: MQTT Client-1, [mqtt host]: www.sworld.top:1883, [client id]: mqttclient-20210501234137
2021-05-01 23:41:37,781 - mqttclient - INFO: MQTT topic subscribed successfully, [topics]: ['test1', 'test2']
2021-05-01 23:43:25,909 - mqttclient - INFO: Start mqttclient, [name]: MQTT Client-1, [mqtt host]: www.sworld.top:1883, [client id]: mqttclient-20210501234325
2021-05-01 23:43:25,925 - mqttclient - INFO: MQTT broker connected successfully, [name]: None, [mqtt host]: {'session present': 0}:0, [client id]: <paho.mqtt.client.Client object at 0x000001E2A2321E80>
2021-05-01 23:43:25,925 - mqttclient - INFO: MQTT broker connected successfully, [name]: MQTT Client-1, [mqtt host]: www.sworld.top:1883, [client id]: mqttclient-20210501234325
2021-05-01 23:43:25,925 - mqttclient - INFO: MQTT topic subscribed successfully, [topics]: ['test1', 'test2']
2021-05-04 00:24:51,847 - mqttclient - INFO: Start mqttclient, [name]: MQTT Client-1, [mqtt host]: www.sworld.top:1883, [client id]: mqttclient-20210504002451
2021-05-04 00:24:51,865 - mqttclient - INFO: MQTT broker connected successfully, [name]: None, [mqtt host]: {'session present': 0}:0, [client id]: <paho.mqtt.client.Client object at 0x000002F58F3C2E80>
2021-05-04 00:24:51,865 - mqttclient - INFO: MQTT broker connected successfully, [name]: MQTT Client-1, [mqtt host]: www.sworld.top:1883, [client id]: mqttclient-20210504002451
2021-05-04 00:24:51,865 - mqttclient - INFO: MQTT topic subscribed successfully, [topics]: test1
2021-05-04 00:24:51,865 - mqttclient - INFO: MQTT topic subscribed successfully, [topics]: test2
2021-05-04 00:28:21,445 - mqttclient - INFO: Start mqttclient, [name]: MQTT Client-1, [mqtt host]: www.sworld.top:1883, [client id]: mqttclient-20210504002821
2021-05-04 00:28:21,466 - mqttclient - INFO: MQTT broker connected successfully, [name]: None, [mqtt host]: {'session present': 0}:0, [client id]: <paho.mqtt.client.Client object at 0x000002830B402E80>
2021-05-04 00:28:21,466 - mqttclient - INFO: MQTT broker connected successfully, [name]: MQTT Client-1, [mqtt host]: www.sworld.top:1883, [client id]: mqttclient-20210504002821
2021-05-04 00:28:21,466 - mqttclient - INFO: MQTT topic subscribed successfully, [topic]: test1
2021-05-04 00:28:21,466 - mqttclient - INFO: MQTT topic subscribed successfully, [topic]: test2
2021-05-04 00:29:48,445 - mqttclient - INFO: Start mqttclient, [name]: MQTT Client-1, [mqtt host]: www.sworld.top:1883, [client id]: mqttclient-20210504002948
2021-05-04 00:29:48,461 - mqttclient - INFO: MQTT broker connected successfully, [name]: None, [mqtt host]: {'session present': 0}:0, [client id]: <paho.mqtt.client.Client object at 0x000001E40ED30D60>
2021-05-04 00:30:29,001 - mqttclient - INFO: Start mqttclient, [name]: MQTT Client-1, [mqtt host]: www.sworld.top:1883, [client id]: mqttclient-20210504003028
2021-05-04 00:30:29,019 - mqttclient - INFO: MQTT broker connected successfully, [name]: None, [mqtt host]: {'session present': 0}:0, [client id]: <paho.mqtt.client.Client object at 0x0000024DBB05FD60>
2021-05-04 00:30:29,019 - mqttclient - INFO: MQTT topic subscribed successfully, [topic]: test1
2021-05-04 00:30:29,019 - mqttclient - INFO: MQTT topic subscribed successfully, [topic]: test2
2021-05-04 00:32:57,950 - mqttclient - INFO: Start mqttclient, [name]: MQTT Client-1, [mqtt host]: www.sworld.top:1883, [client id]: mqttclient-20210504003257
2021-05-04 00:32:57,967 - mqttclient - INFO: MQTT broker connected successfully, [name]: None, [mqtt host]: {'session present': 0}:0, [client id]: <paho.mqtt.client.Client object at 0x0000027E66EC2E80>
2021-05-04 00:32:57,967 - mqttclient - INFO: MQTT broker connected successfully, [name]: MQTT Client-1, [mqtt host]: www.sworld.top:1883, [client id]: mqttclient-20210504003257
2021-05-04 00:32:57,967 - mqttclient - INFO: MQTT topic subscribed successfully, [topic]: test1
2021-05-04 00:32:57,967 - mqttclient - INFO: MQTT topic subscribed successfully, [topic]: test2
2021-05-04 00:33:50,241 - mqttclient - INFO: Start mqttclient, [name]: MQTT Client-1, [mqtt host]: www.sworld.top:1883, [client id]: mqttclient-20210504003350
2021-05-04 00:33:50,258 - mqttclient - INFO: MQTT broker connected successfully, [name]: None, [mqtt host]: {'session present': 0}:0, [client id]: <paho.mqtt.client.Client object at 0x7f28c54e8a30>
2021-05-04 00:33:50,258 - mqttclient - INFO: MQTT broker connected successfully, [name]: MQTT Client-1, [mqtt host]: www.sworld.top:1883, [client id]: mqttclient-20210504003350
2021-05-04 00:33:50,259 - mqttclient - INFO: MQTT topic subscribed successfully, [topic]: test1
2021-05-04 00:33:50,259 - mqttclient - INFO: MQTT topic subscribed successfully, [topic]: test2
2021-05-04 00:37:43,915 - mqttclient - INFO: Start mqttclient, [name]: MQTT Client-1, [mqtt host]: www.sworld.top:1883, [client id]: mqttclient-20210504003743
2021-05-04 00:37:43,933 - mqttclient - INFO: MQTT broker connected successfully, [name]: None, [mqtt host]: {'session present': 0}:0, [client id]: <paho.mqtt.client.Client object at 0x000001110F3F1E80>
2021-05-04 00:37:43,933 - mqttclient - INFO: MQTT broker connected successfully, [name]: MQTT Client-1, [mqtt host]: www.sworld.top:1883, [client id]: mqttclient-20210504003743
2021-05-04 00:37:43,933 - mqttclient - INFO: MQTT topic subscribed successfully, [topic]: test1
2021-05-04 00:37:43,933 - mqttclient - INFO: MQTT topic subscribed successfully, [topic]: test2
2021-05-04 00:38:42,860 - mqttclient - INFO: Start mqttclient, [name]: MQTT Client-1, [mqtt host]: www.sworld.top:1883, [client id]: mqttclient-20210504003842
2021-05-04 00:38:42,881 - mqttclient - INFO: MQTT broker connected successfully, [name]: None, [mqtt host]: {'session present': 0}:0, [client id]: <paho.mqtt.client.Client object at 0x000001EBEF0A2E80>
2021-05-04 00:38:42,881 - mqttclient - INFO: MQTT broker connected successfully, [name]: MQTT Client-1, [mqtt host]: www.sworld.top:1883, [client id]: mqttclient-20210504003842
2021-05-04 00:38:42,881 - mqttclient - INFO: MQTT topic subscribed successfully, [topic]: test1/12
2021-05-04 00:38:42,881 - mqttclient - INFO: MQTT topic subscribed successfully, [topic]: test2
2021-05-04 00:46:20,336 - mqttclient - INFO: Start mqttclient, [name]: MQTT Client-1, [mqtt host]: www.sworld.top:1883, [client id]: mqttclient-20210504004620
2021-05-04 00:46:20,387 - mqttclient - INFO: MQTT broker connected successfully, [name]: None, [mqtt host]: {'session present': 0}:0, [client id]: <paho.mqtt.client.Client object at 0x000002152DBE2E80>
2021-05-04 00:46:20,388 - mqttclient - INFO: MQTT broker connected successfully, [name]: MQTT Client-1, [mqtt host]: www.sworld.top:1883, [client id]: mqttclient-20210504004620
2021-05-04 00:46:20,388 - mqttclient - INFO: MQTT topic subscribed successfully, [topic]: test1/12
2021-05-04 00:46:20,388 - mqttclient - INFO: MQTT topic subscribed successfully, [topic]: test2
2021-05-04 00:46:30,425 - mqttclient - INFO: Start mqttclient, [name]: MQTT Client-1, [mqtt host]: www.sworld.top:1883, [client id]: mqttclient-20210504004630
2021-05-04 00:46:30,446 - mqttclient - INFO: MQTT broker connected successfully, [name]: None, [mqtt host]: {'session present': 0}:0, [client id]: <paho.mqtt.client.Client object at 0x000001FE391E2E80>
2021-05-04 00:46:30,446 - mqttclient - INFO: MQTT broker connected successfully, [name]: MQTT Client-1, [mqtt host]: www.sworld.top:1883, [client id]: mqttclient-20210504004630
2021-05-04 00:46:30,446 - mqttclient - INFO: MQTT topic subscribed successfully, [topic]: test1
2021-05-04 00:46:30,446 - mqttclient - INFO: MQTT topic subscribed successfully, [topic]: test2
2021-05-04 00:47:41,627 - mqttclient - INFO: Start mqttclient, [name]: MQTT Client-1, [mqtt host]: www.sworld.top:1883, [client id]: mqttclient-20210504004741
2021-05-04 00:47:41,648 - mqttclient - INFO: MQTT broker connected successfully, [name]: None, [mqtt host]: {'session present': 0}:0, [client id]: <paho.mqtt.client.Client object at 0x00000209CB432E80>
2021-05-04 00:47:41,648 - mqttclient - INFO: MQTT broker connected successfully, [name]: MQTT Client-1, [mqtt host]: www.sworld.top:1883, [client id]: mqttclient-20210504004741
2021-05-04 00:47:41,648 - mqttclient - INFO: MQTT topic subscribed successfully, [topic]: test1
2021-05-04 00:47:41,648 - mqttclient - INFO: MQTT topic subscribed successfully, [topic]: test2
