2021-05-13 11:58:37,216 - mqttclient - INFO: Start mqttclient, [name]: MQTT Client-1, [mqtt host]: www.sworld.top:1883, [client id]: mqttclient-20210513115836
2021-05-13 11:58:37,234 - mqttclient - INFO: MQTT broker connected successfully, [name]: MQTT Client-1, [mqtt host]: www.sworld.top:1883, [client id]: mqttclient-20210513115836
2021-05-13 11:58:37,234 - mqttclient - INFO: MQTT topic subscribed successfully, [topic]: test1
2021-05-13 11:58:37,235 - mqttclient - INFO: MQTT topic subscribed successfully, [topic]: test2
2021-05-13 14:04:27,698 - mqttclient - INFO: Start mqttclient, [name]: MQTT Client-1, [mqtt host]: broker.hivemq.com:1883, [client id]: mqttclient-20210513140426
2021-05-13 14:04:28,003 - mqttclient - INFO: MQTT broker connected successfully, [name]: MQTT Client-1, [mqtt host]: broker.hivemq.com:1883, [client id]: mqttclient-20210513140426
2021-05-13 14:04:28,003 - mqttclient - INFO: MQTT topic subscribed successfully, [topic]: test1
2021-05-13 14:04:28,004 - mqttclient - INFO: MQTT topic subscribed successfully, [topic]: test2
2021-05-13 14:05:32,168 - mqttclient - INFO: Start mqttclient, [name]: MQTT Client-1, [mqtt host]: broker.hivemq.com:1883, [client id]: mqttclient-20210513140531
2021-05-13 14:05:32,472 - mqttclient - INFO: MQTT broker connected successfully, [name]: MQTT Client-1, [mqtt host]: broker.hivemq.com:1883, [client id]: mqttclient-20210513140531
2021-05-13 14:05:32,473 - mqttclient - INFO: MQTT topic subscribed successfully, [topic]: mqtt/sworld/test1
2021-05-13 14:05:32,474 - mqttclient - INFO: MQTT topic subscribed successfully, [topic]: mqtt/sworld/test2
2021-05-13 14:27:18,522 - mqttclient - INFO: Start mqttclient, [name]: MQTT Client-1, [mqtt host]: broker.hivemq.com:1883, [client id]: mqttclient-20210513142717
2021-05-13 14:27:18,839 - mqttclient - INFO: MQTT broker connected successfully, [name]: MQTT Client-1, [mqtt host]: broker.hivemq.com:1883, [client id]: mqttclient-20210513142717
2021-05-13 14:27:18,839 - mqttclient - INFO: MQTT topic subscribed successfully, [topic]: mqtt/sworld/test1
2021-05-13 14:27:18,840 - mqttclient - INFO: MQTT topic subscribed successfully, [topic]: mqtt/sworld/test2
2021-05-13 14:28:41,095 - mqttclient - INFO: Start mqttclient, [name]: MQTT Client-1, [mqtt host]: broker.hivemq.com:1883, [client id]: mqttclient-20210513142840
2021-05-13 14:28:41,416 - mqttclient - INFO: MQTT broker connected successfully, [name]: MQTT Client-1, [mqtt host]: broker.hivemq.com:1883, [client id]: mqttclient-20210513142840
2021-05-13 14:28:41,417 - mqttclient - INFO: MQTT topic subscribed successfully, [topic]: mqtt/sworld/test1
2021-05-13 14:28:41,418 - mqttclient - INFO: MQTT topic subscribed successfully, [topic]: mqtt/sworld/test2
2021-05-13 14:37:19,695 - mqttclient - INFO: Start mqttclient, [name]: MQTT Client-1, [mqtt host]: broker.hivemq.com:1883, [client id]: mqttclient-20210513143719
2021-05-13 14:37:20,001 - mqttclient - INFO: MQTT broker connected successfully, [name]: MQTT Client-1, [mqtt host]: broker.hivemq.com:1883, [client id]: mqttclient-20210513143719
2021-05-13 14:37:20,001 - mqttclient - INFO: MQTT topic subscribed successfully, [topic]: mqtt/sworld/test1
2021-05-13 14:37:20,002 - mqttclient - INFO: MQTT topic subscribed successfully, [topic]: mqtt/sworld/test2
2021-05-13 14:41:33,031 - mqttclient - INFO: Start mqttclient, [name]: MQTT Client-1, [mqtt host]: broker.hivemq.com:1883, [client id]: mqttclient-20210513144131
2021-05-13 14:41:33,355 - mqttclient - INFO: MQTT broker connected successfully, [name]: MQTT Client-1, [mqtt host]: broker.hivemq.com:1883, [client id]: mqttclient-20210513144131
2021-05-13 14:41:33,356 - mqttclient - INFO: MQTT topic subscribed successfully, [topic]: mqtt/sworld/test1
2021-05-13 14:41:33,357 - mqttclient - INFO: MQTT topic subscribed successfully, [topic]: mqtt/sworld/test2
2021-05-13 14:44:11,543 - mqttclient - INFO: Start mqttclient, [name]: MQTT Client-1, [mqtt host]: broker.hivemq.com:1883, [client id]: mqttclient-20210513144410
2021-05-13 14:44:11,863 - mqttclient - INFO: MQTT broker connected successfully, [name]: MQTT Client-1, [mqtt host]: broker.hivemq.com:1883, [client id]: mqttclient-20210513144410
2021-05-13 14:44:11,864 - mqttclient - INFO: MQTT topic subscribed successfully, [topic]: mqtt/sworld/test1
2021-05-13 14:44:11,864 - mqttclient - INFO: MQTT topic subscribed successfully, [topic]: mqtt/sworld/test2
2021-05-13 15:23:07,974 - mqttclient - INFO: Start mqttclient, [name]: MQTT Client-1, [mqtt host]: broker.hivemq.com:1883, [client id]: mqttclient-20210513152306
2021-05-13 15:23:08,279 - mqttclient - INFO: MQTT broker connected successfully, [name]: MQTT Client-1, [mqtt host]: broker.hivemq.com:1883, [client id]: mqttclient-20210513152306
2021-05-13 15:23:08,280 - mqttclient - INFO: MQTT topic subscribed successfully, [topic]: mqtt/sworld/test1
2021-05-13 15:23:08,280 - mqttclient - INFO: MQTT topic subscribed successfully, [topic]: mqtt/sworld/test2
2021-05-13 15:23:38,189 - mqttclient - INFO: Start mqttclient, [name]: MQTT Client-1, [mqtt host]: broker.hivemq.com:1883, [client id]: mqttclient-20210513152337
2021-05-13 15:23:38,507 - mqttclient - INFO: MQTT broker connected successfully, [name]: MQTT Client-1, [mqtt host]: broker.hivemq.com:1883, [client id]: mqttclient-20210513152337
2021-05-13 15:23:38,510 - mqttclient - INFO: MQTT topic subscribed successfully, [topic]: mqtt/sworld/test1
2021-05-13 15:23:38,511 - mqttclient - INFO: MQTT topic subscribed successfully, [topic]: mqtt/sworld/test2
2021-05-13 16:05:42,863 - mqttclient - INFO: Start mqttclient, [name]: mqtt_client, [mqtt host]: broker.hivemq.com:1883, [client id]: mqttclient-20210513160541
2021-05-13 16:05:43,189 - mqttclient - INFO: MQTT broker connected successfully, [name]: mqtt_client, [mqtt host]: broker.hivemq.com:1883, [client id]: mqttclient-20210513160541
2021-05-13 16:05:43,189 - mqttclient - INFO: MQTT topic subscribed successfully, [topic]: mqtt/sworld/test1
2021-05-13 16:30:55,468 - mqttclient - INFO: Start mqttclient, [name]: mqtt_client, [mqtt host]: broker.hivemq.com:1883, [client id]: mqttclient-20210513163054
2021-05-13 16:30:55,793 - mqttclient - INFO: MQTT broker connected successfully, [name]: mqtt_client, [mqtt host]: broker.hivemq.com:1883, [client id]: mqttclient-20210513163054
2021-05-13 16:30:55,794 - mqttclient - INFO: MQTT topic subscribed successfully, [topic]: mqtt/sworld/test1
2021-05-13 16:31:39,432 - mqttclient - INFO: Start mqttclient, [name]: mqtt_client, [mqtt host]: broker.hivemq.com:1883, [client id]: mqttclient-20210513163139
2021-05-13 16:31:39,777 - mqttclient - INFO: MQTT broker connected successfully, [name]: mqtt_client, [mqtt host]: broker.hivemq.com:1883, [client id]: mqttclient-20210513163139
2021-05-13 16:31:39,777 - mqttclient - INFO: MQTT topic subscribed successfully, [topic]: mqtt/sworld/test1
2021-05-13 16:48:29,096 - mqttclient - INFO: Start mqttclient, [name]: mqtt_client, [mqtt host]: broker.hivemq.com:1883, [client id]: mqttclient-20210513164827
2021-05-13 16:48:29,417 - mqttclient - INFO: MQTT broker connected successfully, [name]: mqtt_client, [mqtt host]: broker.hivemq.com:1883, [client id]: mqttclient-20210513164827
2021-05-13 16:48:29,418 - mqttclient - INFO: MQTT topic subscribed successfully, [topic]: mqtt/sworld/test1
2021-05-13 16:52:33,224 - mqttclient - INFO: Start mqttclient, [name]: mqtt_client, [mqtt host]: broker.hivemq.com:1883, [client id]: mqttclient-20210513165232
2021-05-13 16:52:33,546 - mqttclient - INFO: MQTT broker connected successfully, [name]: mqtt_client, [mqtt host]: broker.hivemq.com:1883, [client id]: mqttclient-20210513165232
2021-05-13 16:52:33,547 - mqttclient - INFO: MQTT topic subscribed successfully, [topic]: mqtt/sworld/test1
2021-05-13 16:54:09,271 - mqttclient - INFO: Start mqttclient, [name]: mqtt_client, [mqtt host]: broker.hivemq.com:1883, [client id]: mqttclient-20210513165408
2021-05-13 16:54:09,618 - mqttclient - INFO: MQTT broker connected successfully, [name]: mqtt_client, [mqtt host]: broker.hivemq.com:1883, [client id]: mqttclient-20210513165408
2021-05-13 16:54:09,618 - mqttclient - INFO: MQTT topic subscribed successfully, [topic]: mqtt/sworld/test1
2021-05-13 16:55:24,977 - mqttclient - INFO: Start mqttclient, [name]: mqtt_client, [mqtt host]: broker.hivemq.com:1883, [client id]: mqttclient-20210513165523
2021-05-13 16:55:25,330 - mqttclient - INFO: MQTT broker connected successfully, [name]: mqtt_client, [mqtt host]: broker.hivemq.com:1883, [client id]: mqttclient-20210513165523
2021-05-13 16:55:25,331 - mqttclient - INFO: MQTT topic subscribed successfully, [topic]: mqtt/sworld/test1
2021-05-13 16:56:40,706 - mqttclient - INFO: Start mqttclient, [name]: mqtt_client, [mqtt host]: broker.hivemq.com:1883, [client id]: mqttclient-20210513165640
2021-05-13 16:56:41,056 - mqttclient - INFO: MQTT broker connected successfully, [name]: mqtt_client, [mqtt host]: broker.hivemq.com:1883, [client id]: mqttclient-20210513165640
2021-05-13 16:56:41,056 - mqttclient - INFO: MQTT topic subscribed successfully, [topic]: mqtt/sworld/test1
2021-05-13 16:58:21,683 - mqttclient - INFO: Start mqttclient, [name]: mqtt_client, [mqtt host]: broker.hivemq.com:1883, [client id]: mqttclient-20210513165821
2021-05-13 16:58:22,033 - mqttclient - INFO: MQTT broker connected successfully, [name]: mqtt_client, [mqtt host]: broker.hivemq.com:1883, [client id]: mqttclient-20210513165821
2021-05-13 16:58:22,033 - mqttclient - INFO: MQTT topic subscribed successfully, [topic]: mqtt/sworld/test1
2021-05-13 16:59:04,027 - mqttclient - INFO: Start mqttclient, [name]: mqtt_client, [mqtt host]: broker.hivemq.com:1883, [client id]: mqttclient-20210513165903
2021-05-13 16:59:04,349 - mqttclient - INFO: MQTT broker connected successfully, [name]: mqtt_client, [mqtt host]: broker.hivemq.com:1883, [client id]: mqttclient-20210513165903
2021-05-13 16:59:04,350 - mqttclient - INFO: MQTT topic subscribed successfully, [topic]: mqtt/sworld/test1
